2021-04-03 15:04:46.162 [ background-preinit ] - [ INFO  ] [ org.hibernate.validator.internal.util.Version : 21 ] - HV000001: Hibernate Validator 6.1.0.Final
2021-04-03 15:04:46.242 [ restartedMain ] - [ INFO  ] [ com.yltfy.blog.BlogApplication : 55 ] - Starting BlogApplication using Java 11.0.9 on PC-201912231325 with PID 18064 (D:\JavaLearning\blog\target\classes started by Administrator in D:\JavaLearning\blog)
2021-04-03 15:04:46.242 [ restartedMain ] - [ DEBUG ] [ com.yltfy.blog.BlogApplication : 56 ] - Running with Spring Boot v2.4.4, Spring v5.3.5
2021-04-03 15:04:46.242 [ restartedMain ] - [ INFO  ] [ com.yltfy.blog.BlogApplication : 666 ] - The following profiles are active: dev
2021-04-03 15:04:54.892 [ restartedMain ] - [ INFO  ] [ org.apache.coyote.http11.Http11NioProtocol : 173 ] - Initializing ProtocolHandler ["http-nio-8080"]
2021-04-03 15:04:54.892 [ restartedMain ] - [ INFO  ] [ org.apache.catalina.core.StandardService : 173 ] - Starting service [Tomcat]
2021-04-03 15:04:54.892 [ restartedMain ] - [ INFO  ] [ org.apache.catalina.core.StandardEngine : 173 ] - Starting Servlet engine: [Apache Tomcat/9.0.44]
2021-04-03 15:04:55.372 [ restartedMain ] - [ INFO  ] [ o.a.c.core.ContainerBase.[Tomcat].[localhost].[/] : 173 ] - Initializing Spring embedded WebApplicationContext
2021-04-03 15:04:56.013 [ restartedMain ] - [ INFO  ] [ org.hibernate.jpa.internal.util.LogHelper : 31 ] - HHH000204: Processing PersistenceUnitInfo [name: default]
2021-04-03 15:04:56.603 [ restartedMain ] - [ INFO  ] [ org.hibernate.Version : 44 ] - HHH000412: Hibernate ORM core version 5.4.29.Final
2021-04-03 15:04:57.460 [ restartedMain ] - [ INFO  ] [ org.hibernate.annotations.common.Version : 56 ] - HCANN000001: Hibernate Commons Annotations {5.1.2.Final}
2021-04-03 15:04:57.890 [ restartedMain ] - [ INFO  ] [ com.zaxxer.hikari.HikariDataSource : 110 ] - HikariPool-1 - Starting...
2021-04-03 15:04:59.871 [ restartedMain ] - [ INFO  ] [ com.zaxxer.hikari.HikariDataSource : 123 ] - HikariPool-1 - Start completed.
2021-04-03 15:05:00.002 [ restartedMain ] - [ INFO  ] [ org.hibernate.dialect.Dialect : 175 ] - HHH000400: Using dialect: org.hibernate.dialect.MySQL8Dialect
2021-04-03 15:05:03.671 [ restartedMain ] - [ INFO  ] [ o.h.e.t.jta.platform.internal.JtaPlatformInitiator : 52 ] - HHH000490: Using JtaPlatform implementation: [org.hibernate.engine.transaction.jta.platform.internal.NoJtaPlatform]
2021-04-03 15:05:06.973 [ restartedMain ] - [ INFO  ] [ org.apache.coyote.http11.Http11NioProtocol : 173 ] - Starting ProtocolHandler ["http-nio-8080"]
2021-04-03 15:05:07.073 [ restartedMain ] - [ INFO  ] [ com.yltfy.blog.BlogApplication : 61 ] - Started BlogApplication in 23.622 seconds (JVM running for 27.801)
2021-04-03 15:05:21.953 [ http-nio-8080-exec-1 ] - [ INFO  ] [ o.a.c.core.ContainerBase.[Tomcat].[localhost].[/] : 173 ] - Initializing Spring DispatcherServlet 'dispatcherServlet'
2021-04-03 15:05:30.115 [ http-nio-8080-exec-6 ] - [ WARN  ] [ org.apache.catalina.util.SessionIdGeneratorBase : 173 ] - Creation of SecureRandom instance for session ID generation using [SHA1PRNG] took [354] milliseconds.
2021-04-03 15:07:02.320 [ background-preinit ] - [ INFO  ] [ org.hibernate.validator.internal.util.Version : 21 ] - HV000001: Hibernate Validator 6.1.0.Final
2021-04-03 15:07:02.320 [ restartedMain ] - [ INFO  ] [ com.yltfy.blog.BlogApplication : 55 ] - Starting BlogApplication using Java 11.0.9 on PC-201912231325 with PID 6652 (D:\JavaLearning\blog\target\classes started by Administrator in D:\JavaLearning\blog)
2021-04-03 15:07:02.320 [ restartedMain ] - [ DEBUG ] [ com.yltfy.blog.BlogApplication : 56 ] - Running with Spring Boot v2.4.4, Spring v5.3.5
2021-04-03 15:07:02.320 [ restartedMain ] - [ INFO  ] [ com.yltfy.blog.BlogApplication : 666 ] - The following profiles are active: dev
2021-04-03 15:07:04.038 [ restartedMain ] - [ INFO  ] [ org.apache.coyote.http11.Http11NioProtocol : 173 ] - Initializing ProtocolHandler ["http-nio-8080"]
2021-04-03 15:07:04.048 [ restartedMain ] - [ INFO  ] [ org.apache.catalina.core.StandardService : 173 ] - Starting service [Tomcat]
2021-04-03 15:07:04.048 [ restartedMain ] - [ INFO  ] [ org.apache.catalina.core.StandardEngine : 173 ] - Starting Servlet engine: [Apache Tomcat/9.0.44]
2021-04-03 15:07:04.128 [ restartedMain ] - [ INFO  ] [ o.a.c.core.ContainerBase.[Tomcat].[localhost].[/] : 173 ] - Initializing Spring embedded WebApplicationContext
2021-04-03 15:07:04.368 [ restartedMain ] - [ INFO  ] [ org.hibernate.jpa.internal.util.LogHelper : 31 ] - HHH000204: Processing PersistenceUnitInfo [name: default]
2021-04-03 15:07:04.418 [ restartedMain ] - [ INFO  ] [ org.hibernate.Version : 44 ] - HHH000412: Hibernate ORM core version 5.4.29.Final
2021-04-03 15:07:04.568 [ restartedMain ] - [ INFO  ] [ org.hibernate.annotations.common.Version : 56 ] - HCANN000001: Hibernate Commons Annotations {5.1.2.Final}
2021-04-03 15:07:04.813 [ restartedMain ] - [ INFO  ] [ com.zaxxer.hikari.HikariDataSource : 110 ] - HikariPool-1 - Starting...
2021-04-03 15:07:05.333 [ restartedMain ] - [ INFO  ] [ com.zaxxer.hikari.HikariDataSource : 123 ] - HikariPool-1 - Start completed.
2021-04-03 15:07:05.353 [ restartedMain ] - [ INFO  ] [ org.hibernate.dialect.Dialect : 175 ] - HHH000400: Using dialect: org.hibernate.dialect.MySQL8Dialect
2021-04-03 15:07:06.504 [ restartedMain ] - [ INFO  ] [ o.h.e.t.jta.platform.internal.JtaPlatformInitiator : 52 ] - HHH000490: Using JtaPlatform implementation: [org.hibernate.engine.transaction.jta.platform.internal.NoJtaPlatform]
2021-04-03 15:07:08.765 [ restartedMain ] - [ INFO  ] [ org.apache.coyote.http11.Http11NioProtocol : 173 ] - Starting ProtocolHandler ["http-nio-8080"]
2021-04-03 15:07:08.845 [ restartedMain ] - [ INFO  ] [ com.yltfy.blog.BlogApplication : 61 ] - Started BlogApplication in 7.12 seconds (JVM running for 9.788)
2021-04-03 15:10:32.770 [ SpringContextShutdownHook ] - [ INFO  ] [ com.zaxxer.hikari.HikariDataSource : 350 ] - HikariPool-1 - Shutdown initiated...
2021-04-03 15:10:32.830 [ SpringContextShutdownHook ] - [ INFO  ] [ com.zaxxer.hikari.HikariDataSource : 352 ] - HikariPool-1 - Shutdown completed.
2021-04-03 15:10:38.717 [ restartedMain ] - [ INFO  ] [ com.yltfy.blog.BlogApplication : 55 ] - Starting BlogApplication using Java 11.0.9 on PC-201912231325 with PID 3252 (D:\JavaLearning\blog\target\classes started by Administrator in D:\JavaLearning\blog)
2021-04-03 15:10:38.747 [ restartedMain ] - [ DEBUG ] [ com.yltfy.blog.BlogApplication : 56 ] - Running with Spring Boot v2.4.4, Spring v5.3.5
2021-04-03 15:10:38.747 [ restartedMain ] - [ INFO  ] [ com.yltfy.blog.BlogApplication : 666 ] - The following profiles are active: dev
2021-04-03 15:10:39.000 [ background-preinit ] - [ INFO  ] [ org.hibernate.validator.internal.util.Version : 21 ] - HV000001: Hibernate Validator 6.1.0.Final
2021-04-03 15:10:41.381 [ restartedMain ] - [ INFO  ] [ org.apache.coyote.http11.Http11NioProtocol : 173 ] - Initializing ProtocolHandler ["http-nio-8080"]
2021-04-03 15:10:41.381 [ restartedMain ] - [ INFO  ] [ org.apache.catalina.core.StandardService : 173 ] - Starting service [Tomcat]
2021-04-03 15:10:41.381 [ restartedMain ] - [ INFO  ] [ org.apache.catalina.core.StandardEngine : 173 ] - Starting Servlet engine: [Apache Tomcat/9.0.44]
2021-04-03 15:10:41.461 [ restartedMain ] - [ INFO  ] [ o.a.c.core.ContainerBase.[Tomcat].[localhost].[/] : 173 ] - Initializing Spring embedded WebApplicationContext
2021-04-03 15:10:41.671 [ restartedMain ] - [ INFO  ] [ org.hibernate.jpa.internal.util.LogHelper : 31 ] - HHH000204: Processing PersistenceUnitInfo [name: default]
2021-04-03 15:10:41.781 [ restartedMain ] - [ INFO  ] [ org.hibernate.Version : 44 ] - HHH000412: Hibernate ORM core version 5.4.29.Final
2021-04-03 15:10:41.992 [ restartedMain ] - [ INFO  ] [ org.hibernate.annotations.common.Version : 56 ] - HCANN000001: Hibernate Commons Annotations {5.1.2.Final}
2021-04-03 15:10:42.262 [ restartedMain ] - [ INFO  ] [ com.zaxxer.hikari.HikariDataSource : 110 ] - HikariPool-1 - Starting...
2021-04-03 15:10:43.887 [ restartedMain ] - [ INFO  ] [ com.zaxxer.hikari.HikariDataSource : 123 ] - HikariPool-1 - Start completed.
2021-04-03 15:10:43.907 [ restartedMain ] - [ INFO  ] [ org.hibernate.dialect.Dialect : 175 ] - HHH000400: Using dialect: org.hibernate.dialect.MySQL8Dialect
2021-04-03 15:10:45.521 [ restartedMain ] - [ INFO  ] [ o.h.e.t.jta.platform.internal.JtaPlatformInitiator : 52 ] - HHH000490: Using JtaPlatform implementation: [org.hibernate.engine.transaction.jta.platform.internal.NoJtaPlatform]
2021-04-03 15:10:47.292 [ restartedMain ] - [ INFO  ] [ org.apache.coyote.http11.Http11NioProtocol : 173 ] - Starting ProtocolHandler ["http-nio-8080"]
2021-04-03 15:10:47.392 [ restartedMain ] - [ INFO  ] [ com.yltfy.blog.BlogApplication : 61 ] - Started BlogApplication in 10.053 seconds (JVM running for 12.065)
2021-04-03 15:13:09.254 [ http-nio-8080-exec-2 ] - [ INFO  ] [ o.a.c.core.ContainerBase.[Tomcat].[localhost].[/] : 173 ] - Initializing Spring DispatcherServlet 'dispatcherServlet'
2021-04-03 15:13:25.686 [ http-nio-8080-exec-8 ] - [ WARN  ] [ org.apache.catalina.util.SessionIdGeneratorBase : 173 ] - Creation of SecureRandom instance for session ID generation using [SHA1PRNG] took [361] milliseconds.
2021-04-03 15:14:09.618 [ HikariPool-1 housekeeper ] - [ WARN  ] [ com.zaxxer.hikari.pool.HikariPool : 787 ] - HikariPool-1 - Thread starvation or clock leap detected (housekeeper delta=55s598ms232µs535ns).
2021-04-03 15:15:49.610 [ HikariPool-1 housekeeper ] - [ WARN  ] [ com.zaxxer.hikari.pool.HikariPool : 787 ] - HikariPool-1 - Thread starvation or clock leap detected (housekeeper delta=1m39s992ms504µs899ns).
2021-04-03 15:15:50.427 [ SpringContextShutdownHook ] - [ INFO  ] [ com.zaxxer.hikari.HikariDataSource : 350 ] - HikariPool-1 - Shutdown initiated...
2021-04-03 15:15:50.459 [ SpringContextShutdownHook ] - [ INFO  ] [ com.zaxxer.hikari.HikariDataSource : 352 ] - HikariPool-1 - Shutdown completed.
2021-04-03 15:15:58.060 [ restartedMain ] - [ INFO  ] [ com.yltfy.blog.BlogApplication : 55 ] - Starting BlogApplication using Java 11.0.9 on PC-201912231325 with PID 5136 (D:\JavaLearning\blog\target\classes started by Administrator in D:\JavaLearning\blog)
2021-04-03 15:15:58.060 [ restartedMain ] - [ DEBUG ] [ com.yltfy.blog.BlogApplication : 56 ] - Running with Spring Boot v2.4.4, Spring v5.3.5
2021-04-03 15:15:58.060 [ restartedMain ] - [ INFO  ] [ com.yltfy.blog.BlogApplication : 666 ] - The following profiles are active: dev
2021-04-03 15:15:58.090 [ background-preinit ] - [ INFO  ] [ org.hibernate.validator.internal.util.Version : 21 ] - HV000001: Hibernate Validator 6.1.0.Final
2021-04-03 15:16:00.512 [ restartedMain ] - [ INFO  ] [ org.apache.coyote.http11.Http11NioProtocol : 173 ] - Initializing ProtocolHandler ["http-nio-8080"]
2021-04-03 15:16:00.512 [ restartedMain ] - [ INFO  ] [ org.apache.catalina.core.StandardService : 173 ] - Starting service [Tomcat]
2021-04-03 15:16:00.512 [ restartedMain ] - [ INFO  ] [ org.apache.catalina.core.StandardEngine : 173 ] - Starting Servlet engine: [Apache Tomcat/9.0.44]
2021-04-03 15:16:00.602 [ restartedMain ] - [ INFO  ] [ o.a.c.core.ContainerBase.[Tomcat].[localhost].[/] : 173 ] - Initializing Spring embedded WebApplicationContext
2021-04-03 15:16:00.802 [ restartedMain ] - [ INFO  ] [ org.hibernate.jpa.internal.util.LogHelper : 31 ] - HHH000204: Processing PersistenceUnitInfo [name: default]
2021-04-03 15:16:00.862 [ restartedMain ] - [ INFO  ] [ org.hibernate.Version : 44 ] - HHH000412: Hibernate ORM core version 5.4.29.Final
2021-04-03 15:16:00.972 [ restartedMain ] - [ INFO  ] [ org.hibernate.annotations.common.Version : 56 ] - HCANN000001: Hibernate Commons Annotations {5.1.2.Final}
2021-04-03 15:16:01.062 [ restartedMain ] - [ INFO  ] [ com.zaxxer.hikari.HikariDataSource : 110 ] - HikariPool-1 - Starting...
2021-04-03 15:16:02.013 [ restartedMain ] - [ INFO  ] [ com.zaxxer.hikari.HikariDataSource : 123 ] - HikariPool-1 - Start completed.
2021-04-03 15:16:02.033 [ restartedMain ] - [ INFO  ] [ org.hibernate.dialect.Dialect : 175 ] - HHH000400: Using dialect: org.hibernate.dialect.MySQL8Dialect
2021-04-03 15:16:03.414 [ restartedMain ] - [ INFO  ] [ o.h.e.t.jta.platform.internal.JtaPlatformInitiator : 52 ] - HHH000490: Using JtaPlatform implementation: [org.hibernate.engine.transaction.jta.platform.internal.NoJtaPlatform]
2021-04-03 15:16:05.507 [ restartedMain ] - [ INFO  ] [ org.apache.coyote.http11.Http11NioProtocol : 173 ] - Starting ProtocolHandler ["http-nio-8080"]
2021-04-03 15:16:05.632 [ restartedMain ] - [ INFO  ] [ com.yltfy.blog.BlogApplication : 61 ] - Started BlogApplication in 8.329 seconds (JVM running for 10.63)
2021-04-03 15:16:05.707 [ http-nio-8080-exec-1 ] - [ INFO  ] [ o.a.c.core.ContainerBase.[Tomcat].[localhost].[/] : 173 ] - Initializing Spring DispatcherServlet 'dispatcherServlet'
2021-04-03 15:17:36.768 [ HikariPool-1 housekeeper ] - [ WARN  ] [ com.zaxxer.hikari.pool.HikariPool : 787 ] - HikariPool-1 - Thread starvation or clock leap detected (housekeeper delta=1m34s639ms590µs259ns).
2021-04-03 15:17:37.491 [ SpringContextShutdownHook ] - [ INFO  ] [ com.zaxxer.hikari.HikariDataSource : 350 ] - HikariPool-1 - Shutdown initiated...
2021-04-03 15:17:37.522 [ SpringContextShutdownHook ] - [ INFO  ] [ com.zaxxer.hikari.HikariDataSource : 352 ] - HikariPool-1 - Shutdown completed.
2021-04-03 15:17:44.202 [ background-preinit ] - [ INFO  ] [ org.hibernate.validator.internal.util.Version : 21 ] - HV000001: Hibernate Validator 6.1.0.Final
2021-04-03 15:17:44.212 [ restartedMain ] - [ INFO  ] [ com.yltfy.blog.BlogApplication : 55 ] - Starting BlogApplication using Java 11.0.9 on PC-201912231325 with PID 17432 (D:\JavaLearning\blog\target\classes started by Administrator in D:\JavaLearning\blog)
2021-04-03 15:17:44.212 [ restartedMain ] - [ DEBUG ] [ com.yltfy.blog.BlogApplication : 56 ] - Running with Spring Boot v2.4.4, Spring v5.3.5
2021-04-03 15:17:44.212 [ restartedMain ] - [ INFO  ] [ com.yltfy.blog.BlogApplication : 666 ] - The following profiles are active: dev
2021-04-03 15:17:46.032 [ restartedMain ] - [ INFO  ] [ org.apache.coyote.http11.Http11NioProtocol : 173 ] - Initializing ProtocolHandler ["http-nio-8080"]
2021-04-03 15:17:46.032 [ restartedMain ] - [ INFO  ] [ org.apache.catalina.core.StandardService : 173 ] - Starting service [Tomcat]
2021-04-03 15:17:46.032 [ restartedMain ] - [ INFO  ] [ org.apache.catalina.core.StandardEngine : 173 ] - Starting Servlet engine: [Apache Tomcat/9.0.44]
2021-04-03 15:17:46.163 [ restartedMain ] - [ INFO  ] [ o.a.c.core.ContainerBase.[Tomcat].[localhost].[/] : 173 ] - Initializing Spring embedded WebApplicationContext
2021-04-03 15:17:46.423 [ restartedMain ] - [ INFO  ] [ org.hibernate.jpa.internal.util.LogHelper : 31 ] - HHH000204: Processing PersistenceUnitInfo [name: default]
2021-04-03 15:17:46.463 [ restartedMain ] - [ INFO  ] [ org.hibernate.Version : 44 ] - HHH000412: Hibernate ORM core version 5.4.29.Final
2021-04-03 15:17:46.583 [ restartedMain ] - [ INFO  ] [ org.hibernate.annotations.common.Version : 56 ] - HCANN000001: Hibernate Commons Annotations {5.1.2.Final}
2021-04-03 15:17:46.683 [ restartedMain ] - [ INFO  ] [ com.zaxxer.hikari.HikariDataSource : 110 ] - HikariPool-1 - Starting...
2021-04-03 15:17:47.023 [ restartedMain ] - [ INFO  ] [ com.zaxxer.hikari.HikariDataSource : 123 ] - HikariPool-1 - Start completed.
2021-04-03 15:17:47.043 [ restartedMain ] - [ INFO  ] [ org.hibernate.dialect.Dialect : 175 ] - HHH000400: Using dialect: org.hibernate.dialect.MySQL8Dialect
2021-04-03 15:17:47.984 [ restartedMain ] - [ INFO  ] [ o.h.e.t.jta.platform.internal.JtaPlatformInitiator : 52 ] - HHH000490: Using JtaPlatform implementation: [org.hibernate.engine.transaction.jta.platform.internal.NoJtaPlatform]
2021-04-03 15:17:49.684 [ restartedMain ] - [ INFO  ] [ org.apache.coyote.http11.Http11NioProtocol : 173 ] - Starting ProtocolHandler ["http-nio-8080"]
2021-04-03 15:17:49.734 [ restartedMain ] - [ INFO  ] [ com.yltfy.blog.BlogApplication : 61 ] - Started BlogApplication in 6.339 seconds (JVM running for 8.168)
2021-04-03 15:17:52.833 [ http-nio-8080-exec-1 ] - [ INFO  ] [ o.a.c.core.ContainerBase.[Tomcat].[localhost].[/] : 173 ] - Initializing Spring DispatcherServlet 'dispatcherServlet'
2021-04-03 15:19:57.810 [ HikariPool-1 housekeeper ] - [ WARN  ] [ com.zaxxer.hikari.pool.HikariPool : 787 ] - HikariPool-1 - Thread starvation or clock leap detected (housekeeper delta=2m10s677ms283µs97ns).
2021-04-03 15:23:43.167 [ Thread-4 ] - [ INFO  ] [ com.zaxxer.hikari.HikariDataSource : 350 ] - HikariPool-1 - Shutdown initiated...
2021-04-03 15:23:43.197 [ Thread-4 ] - [ INFO  ] [ com.zaxxer.hikari.HikariDataSource : 352 ] - HikariPool-1 - Shutdown completed.
2021-04-03 15:23:43.337 [ restartedMain ] - [ INFO  ] [ com.yltfy.blog.BlogApplication : 55 ] - Starting BlogApplication using Java 11.0.9 on PC-201912231325 with PID 17432 (D:\JavaLearning\blog\target\classes started by Administrator in D:\JavaLearning\blog)
2021-04-03 15:23:43.337 [ restartedMain ] - [ DEBUG ] [ com.yltfy.blog.BlogApplication : 56 ] - Running with Spring Boot v2.4.4, Spring v5.3.5
2021-04-03 15:23:43.337 [ restartedMain ] - [ INFO  ] [ com.yltfy.blog.BlogApplication : 666 ] - The following profiles are active: dev
2021-04-03 15:23:43.862 [ restartedMain ] - [ INFO  ] [ org.apache.coyote.http11.Http11NioProtocol : 173 ] - Initializing ProtocolHandler ["http-nio-8080"]
2021-04-03 15:23:43.862 [ restartedMain ] - [ INFO  ] [ org.apache.catalina.core.StandardService : 173 ] - Starting service [Tomcat]
2021-04-03 15:23:43.862 [ restartedMain ] - [ INFO  ] [ org.apache.catalina.core.StandardEngine : 173 ] - Starting Servlet engine: [Apache Tomcat/9.0.44]
2021-04-03 15:23:43.882 [ restartedMain ] - [ INFO  ] [ o.a.c.core.ContainerBase.[Tomcat].[localhost].[/] : 173 ] - Initializing Spring embedded WebApplicationContext
2021-04-03 15:23:43.972 [ restartedMain ] - [ INFO  ] [ org.hibernate.jpa.internal.util.LogHelper : 31 ] - HHH000204: Processing PersistenceUnitInfo [name: default]
2021-04-03 15:23:43.982 [ restartedMain ] - [ INFO  ] [ com.zaxxer.hikari.HikariDataSource : 110 ] - HikariPool-2 - Starting...
2021-04-03 15:23:44.032 [ restartedMain ] - [ INFO  ] [ com.zaxxer.hikari.HikariDataSource : 123 ] - HikariPool-2 - Start completed.
2021-04-03 15:23:44.032 [ restartedMain ] - [ INFO  ] [ org.hibernate.dialect.Dialect : 175 ] - HHH000400: Using dialect: org.hibernate.dialect.MySQL8Dialect
2021-04-03 15:23:44.272 [ restartedMain ] - [ INFO  ] [ o.h.e.t.jta.platform.internal.JtaPlatformInitiator : 52 ] - HHH000490: Using JtaPlatform implementation: [org.hibernate.engine.transaction.jta.platform.internal.NoJtaPlatform]
2021-04-03 15:23:45.764 [ restartedMain ] - [ INFO  ] [ org.apache.coyote.http11.Http11NioProtocol : 173 ] - Starting ProtocolHandler ["http-nio-8080"]
2021-04-03 15:23:45.794 [ restartedMain ] - [ INFO  ] [ com.yltfy.blog.BlogApplication : 61 ] - Started BlogApplication in 2.521 seconds (JVM running for 364.227)
2021-04-03 15:23:47.733 [ Thread-8 ] - [ INFO  ] [ com.zaxxer.hikari.HikariDataSource : 350 ] - HikariPool-2 - Shutdown initiated...
2021-04-03 15:23:47.770 [ Thread-8 ] - [ INFO  ] [ com.zaxxer.hikari.HikariDataSource : 352 ] - HikariPool-2 - Shutdown completed.
2021-04-03 15:23:47.899 [ restartedMain ] - [ INFO  ] [ com.yltfy.blog.BlogApplication : 55 ] - Starting BlogApplication using Java 11.0.9 on PC-201912231325 with PID 17432 (D:\JavaLearning\blog\target\classes started by Administrator in D:\JavaLearning\blog)
2021-04-03 15:23:47.900 [ restartedMain ] - [ DEBUG ] [ com.yltfy.blog.BlogApplication : 56 ] - Running with Spring Boot v2.4.4, Spring v5.3.5
2021-04-03 15:23:47.900 [ restartedMain ] - [ INFO  ] [ com.yltfy.blog.BlogApplication : 666 ] - The following profiles are active: dev
2021-04-03 15:23:48.373 [ restartedMain ] - [ INFO  ] [ org.apache.coyote.http11.Http11NioProtocol : 173 ] - Initializing ProtocolHandler ["http-nio-8080"]
2021-04-03 15:23:48.374 [ restartedMain ] - [ INFO  ] [ org.apache.catalina.core.StandardService : 173 ] - Starting service [Tomcat]
2021-04-03 15:23:48.374 [ restartedMain ] - [ INFO  ] [ org.apache.catalina.core.StandardEngine : 173 ] - Starting Servlet engine: [Apache Tomcat/9.0.44]
2021-04-03 15:23:48.393 [ restartedMain ] - [ INFO  ] [ o.a.c.core.ContainerBase.[Tomcat].[localhost].[/] : 173 ] - Initializing Spring embedded WebApplicationContext
2021-04-03 15:23:48.486 [ restartedMain ] - [ INFO  ] [ org.hibernate.jpa.internal.util.LogHelper : 31 ] - HHH000204: Processing PersistenceUnitInfo [name: default]
2021-04-03 15:23:48.493 [ restartedMain ] - [ INFO  ] [ com.zaxxer.hikari.HikariDataSource : 110 ] - HikariPool-3 - Starting...
2021-04-03 15:23:48.528 [ restartedMain ] - [ INFO  ] [ com.zaxxer.hikari.HikariDataSource : 123 ] - HikariPool-3 - Start completed.
2021-04-03 15:23:48.528 [ restartedMain ] - [ INFO  ] [ org.hibernate.dialect.Dialect : 175 ] - HHH000400: Using dialect: org.hibernate.dialect.MySQL8Dialect
2021-04-03 15:23:48.745 [ restartedMain ] - [ INFO  ] [ o.h.e.t.jta.platform.internal.JtaPlatformInitiator : 52 ] - HHH000490: Using JtaPlatform implementation: [org.hibernate.engine.transaction.jta.platform.internal.NoJtaPlatform]
2021-04-03 15:23:49.640 [ restartedMain ] - [ INFO  ] [ org.apache.coyote.http11.Http11NioProtocol : 173 ] - Starting ProtocolHandler ["http-nio-8080"]
2021-04-03 15:23:49.658 [ restartedMain ] - [ INFO  ] [ com.yltfy.blog.BlogApplication : 61 ] - Started BlogApplication in 1.814 seconds (JVM running for 368.084)
2021-04-03 15:23:49.681 [ http-nio-8080-exec-1 ] - [ INFO  ] [ o.a.c.core.ContainerBase.[Tomcat].[localhost].[/] : 173 ] - Initializing Spring DispatcherServlet 'dispatcherServlet'
2021-04-03 15:30:32.392 [ SpringContextShutdownHook ] - [ INFO  ] [ com.zaxxer.hikari.HikariDataSource : 350 ] - HikariPool-3 - Shutdown initiated...
2021-04-03 15:30:32.412 [ SpringContextShutdownHook ] - [ INFO  ] [ com.zaxxer.hikari.HikariDataSource : 352 ] - HikariPool-3 - Shutdown completed.
2021-04-03 15:30:36.034 [ background-preinit ] - [ INFO  ] [ org.hibernate.validator.internal.util.Version : 21 ] - HV000001: Hibernate Validator 6.1.0.Final
2021-04-03 15:30:36.034 [ restartedMain ] - [ INFO  ] [ com.yltfy.blog.BlogApplication : 55 ] - Starting BlogApplication using Java 11.0.9 on PC-201912231325 with PID 8404 (D:\JavaLearning\blog\target\classes started by Administrator in D:\JavaLearning\blog)
2021-04-03 15:30:36.034 [ restartedMain ] - [ DEBUG ] [ com.yltfy.blog.BlogApplication : 56 ] - Running with Spring Boot v2.4.4, Spring v5.3.5
2021-04-03 15:30:36.034 [ restartedMain ] - [ INFO  ] [ com.yltfy.blog.BlogApplication : 666 ] - The following profiles are active: dev
2021-04-03 15:30:37.355 [ restartedMain ] - [ INFO  ] [ org.apache.coyote.http11.Http11NioProtocol : 173 ] - Initializing ProtocolHandler ["http-nio-8080"]
2021-04-03 15:30:37.355 [ restartedMain ] - [ INFO  ] [ org.apache.catalina.core.StandardService : 173 ] - Starting service [Tomcat]
2021-04-03 15:30:37.355 [ restartedMain ] - [ INFO  ] [ org.apache.catalina.core.StandardEngine : 173 ] - Starting Servlet engine: [Apache Tomcat/9.0.44]
2021-04-03 15:30:37.435 [ restartedMain ] - [ INFO  ] [ o.a.c.core.ContainerBase.[Tomcat].[localhost].[/] : 173 ] - Initializing Spring embedded WebApplicationContext
2021-04-03 15:30:37.575 [ restartedMain ] - [ INFO  ] [ org.hibernate.jpa.internal.util.LogHelper : 31 ] - HHH000204: Processing PersistenceUnitInfo [name: default]
2021-04-03 15:30:37.605 [ restartedMain ] - [ INFO  ] [ org.hibernate.Version : 44 ] - HHH000412: Hibernate ORM core version 5.4.29.Final
2021-04-03 15:30:37.685 [ restartedMain ] - [ INFO  ] [ org.hibernate.annotations.common.Version : 56 ] - HCANN000001: Hibernate Commons Annotations {5.1.2.Final}
2021-04-03 15:30:37.775 [ restartedMain ] - [ INFO  ] [ com.zaxxer.hikari.HikariDataSource : 110 ] - HikariPool-1 - Starting...
2021-04-03 15:30:38.226 [ restartedMain ] - [ INFO  ] [ com.zaxxer.hikari.HikariDataSource : 123 ] - HikariPool-1 - Start completed.
2021-04-03 15:30:38.236 [ restartedMain ] - [ INFO  ] [ org.hibernate.dialect.Dialect : 175 ] - HHH000400: Using dialect: org.hibernate.dialect.MySQL8Dialect
2021-04-03 15:30:38.986 [ restartedMain ] - [ INFO  ] [ o.h.e.t.jta.platform.internal.JtaPlatformInitiator : 52 ] - HHH000490: Using JtaPlatform implementation: [org.hibernate.engine.transaction.jta.platform.internal.NoJtaPlatform]
2021-04-03 15:30:40.184 [ restartedMain ] - [ INFO  ] [ org.apache.coyote.http11.Http11NioProtocol : 173 ] - Starting ProtocolHandler ["http-nio-8080"]
2021-04-03 15:30:40.234 [ restartedMain ] - [ INFO  ] [ com.yltfy.blog.BlogApplication : 61 ] - Started BlogApplication in 4.821 seconds (JVM running for 6.743)
2021-04-03 15:30:45.719 [ http-nio-8080-exec-1 ] - [ INFO  ] [ o.a.c.core.ContainerBase.[Tomcat].[localhost].[/] : 173 ] - Initializing Spring DispatcherServlet 'dispatcherServlet'
2021-04-03 15:30:46.176 [ http-nio-8080-exec-1 ] - [ WARN  ] [ org.apache.catalina.util.SessionIdGeneratorBase : 173 ] - Creation of SecureRandom instance for session ID generation using [SHA1PRNG] took [442] milliseconds.
2021-04-03 15:34:47.550 [ restartedMain ] - [ INFO  ] [ com.yltfy.blog.BlogApplication : 55 ] - Starting BlogApplication using Java 11.0.9 on PC-201912231325 with PID 16120 (D:\JavaLearning\blog\target\classes started by Administrator in D:\JavaLearning\blog)
2021-04-03 15:34:47.560 [ restartedMain ] - [ DEBUG ] [ com.yltfy.blog.BlogApplication : 56 ] - Running with Spring Boot v2.4.4, Spring v5.3.5
2021-04-03 15:34:47.560 [ restartedMain ] - [ INFO  ] [ com.yltfy.blog.BlogApplication : 666 ] - The following profiles are active: dev
2021-04-03 15:34:47.560 [ background-preinit ] - [ INFO  ] [ org.hibernate.validator.internal.util.Version : 21 ] - HV000001: Hibernate Validator 6.1.0.Final
2021-04-03 15:34:49.020 [ restartedMain ] - [ INFO  ] [ org.apache.coyote.http11.Http11NioProtocol : 173 ] - Initializing ProtocolHandler ["http-nio-8080"]
2021-04-03 15:34:49.023 [ restartedMain ] - [ INFO  ] [ org.apache.catalina.core.StandardService : 173 ] - Starting service [Tomcat]
2021-04-03 15:34:49.024 [ restartedMain ] - [ INFO  ] [ org.apache.catalina.core.StandardEngine : 173 ] - Starting Servlet engine: [Apache Tomcat/9.0.44]
2021-04-03 15:34:49.104 [ restartedMain ] - [ INFO  ] [ o.a.c.core.ContainerBase.[Tomcat].[localhost].[/] : 173 ] - Initializing Spring embedded WebApplicationContext
2021-04-03 15:34:49.260 [ restartedMain ] - [ INFO  ] [ org.hibernate.jpa.internal.util.LogHelper : 31 ] - HHH000204: Processing PersistenceUnitInfo [name: default]
2021-04-03 15:34:49.294 [ restartedMain ] - [ INFO  ] [ org.hibernate.Version : 44 ] - HHH000412: Hibernate ORM core version 5.4.29.Final
2021-04-03 15:34:49.378 [ restartedMain ] - [ INFO  ] [ org.hibernate.annotations.common.Version : 56 ] - HCANN000001: Hibernate Commons Annotations {5.1.2.Final}
2021-04-03 15:34:49.448 [ restartedMain ] - [ INFO  ] [ com.zaxxer.hikari.HikariDataSource : 110 ] - HikariPool-1 - Starting...
2021-04-03 15:34:49.764 [ restartedMain ] - [ INFO  ] [ com.zaxxer.hikari.HikariDataSource : 123 ] - HikariPool-1 - Start completed.
2021-04-03 15:34:49.779 [ restartedMain ] - [ INFO  ] [ org.hibernate.dialect.Dialect : 175 ] - HHH000400: Using dialect: org.hibernate.dialect.MySQL8Dialect
2021-04-03 15:34:50.520 [ restartedMain ] - [ INFO  ] [ o.h.e.t.jta.platform.internal.JtaPlatformInitiator : 52 ] - HHH000490: Using JtaPlatform implementation: [org.hibernate.engine.transaction.jta.platform.internal.NoJtaPlatform]
2021-04-03 15:34:51.852 [ restartedMain ] - [ INFO  ] [ org.apache.coyote.http11.Http11NioProtocol : 173 ] - Starting ProtocolHandler ["http-nio-8080"]
2021-04-03 15:34:51.892 [ restartedMain ] - [ INFO  ] [ com.yltfy.blog.BlogApplication : 61 ] - Started BlogApplication in 4.979 seconds (JVM running for 6.172)
2021-04-03 15:34:54.054 [ http-nio-8080-exec-1 ] - [ INFO  ] [ o.a.c.core.ContainerBase.[Tomcat].[localhost].[/] : 173 ] - Initializing Spring DispatcherServlet 'dispatcherServlet'
2021-04-03 15:34:54.480 [ http-nio-8080-exec-1 ] - [ WARN  ] [ org.apache.catalina.util.SessionIdGeneratorBase : 173 ] - Creation of SecureRandom instance for session ID generation using [SHA1PRNG] took [410] milliseconds.
2021-04-03 15:37:29.425 [ Thread-4 ] - [ INFO  ] [ com.zaxxer.hikari.HikariDataSource : 350 ] - HikariPool-1 - Shutdown initiated...
2021-04-03 15:37:29.465 [ Thread-4 ] - [ INFO  ] [ com.zaxxer.hikari.HikariDataSource : 352 ] - HikariPool-1 - Shutdown completed.
2021-04-03 15:37:29.595 [ restartedMain ] - [ INFO  ] [ com.yltfy.blog.BlogApplication : 55 ] - Starting BlogApplication using Java 11.0.9 on PC-201912231325 with PID 16120 (D:\JavaLearning\blog\target\classes started by Administrator in D:\JavaLearning\blog)
2021-04-03 15:37:29.595 [ restartedMain ] - [ DEBUG ] [ com.yltfy.blog.BlogApplication : 56 ] - Running with Spring Boot v2.4.4, Spring v5.3.5
2021-04-03 15:37:29.595 [ restartedMain ] - [ INFO  ] [ com.yltfy.blog.BlogApplication : 666 ] - The following profiles are active: dev
2021-04-03 15:37:29.875 [ restartedMain ] - [ INFO  ] [ org.apache.coyote.http11.Http11NioProtocol : 173 ] - Initializing ProtocolHandler ["http-nio-8080"]
2021-04-03 15:37:29.875 [ restartedMain ] - [ INFO  ] [ org.apache.catalina.core.StandardService : 173 ] - Starting service [Tomcat]
2021-04-03 15:37:29.875 [ restartedMain ] - [ INFO  ] [ org.apache.catalina.core.StandardEngine : 173 ] - Starting Servlet engine: [Apache Tomcat/9.0.44]
2021-04-03 15:37:29.895 [ restartedMain ] - [ INFO  ] [ o.a.c.core.ContainerBase.[Tomcat].[localhost].[/] : 173 ] - Initializing Spring embedded WebApplicationContext
2021-04-03 15:37:29.935 [ restartedMain ] - [ INFO  ] [ org.hibernate.jpa.internal.util.LogHelper : 31 ] - HHH000204: Processing PersistenceUnitInfo [name: default]
2021-04-03 15:37:29.945 [ restartedMain ] - [ INFO  ] [ com.zaxxer.hikari.HikariDataSource : 110 ] - HikariPool-2 - Starting...
2021-04-03 15:37:29.965 [ restartedMain ] - [ INFO  ] [ com.zaxxer.hikari.HikariDataSource : 123 ] - HikariPool-2 - Start completed.
2021-04-03 15:37:29.965 [ restartedMain ] - [ INFO  ] [ org.hibernate.dialect.Dialect : 175 ] - HHH000400: Using dialect: org.hibernate.dialect.MySQL8Dialect
2021-04-03 15:37:29.975 [ restartedMain ] - [ INFO  ] [ o.h.e.t.jta.platform.internal.JtaPlatformInitiator : 52 ] - HHH000490: Using JtaPlatform implementation: [org.hibernate.engine.transaction.jta.platform.internal.NoJtaPlatform]
2021-04-03 15:37:30.165 [ restartedMain ] - [ INFO  ] [ org.apache.coyote.http11.Http11NioProtocol : 173 ] - Starting ProtocolHandler ["http-nio-8080"]
2021-04-03 15:37:30.195 [ restartedMain ] - [ INFO  ] [ com.yltfy.blog.BlogApplication : 61 ] - Started BlogApplication in 0.666 seconds (JVM running for 164.474)
2021-04-03 15:37:34.487 [ Thread-8 ] - [ INFO  ] [ com.zaxxer.hikari.HikariDataSource : 350 ] - HikariPool-2 - Shutdown initiated...
2021-04-03 15:37:34.528 [ Thread-8 ] - [ INFO  ] [ com.zaxxer.hikari.HikariDataSource : 352 ] - HikariPool-2 - Shutdown completed.
2021-04-03 15:37:34.658 [ restartedMain ] - [ INFO  ] [ com.yltfy.blog.BlogApplication : 55 ] - Starting BlogApplication using Java 11.0.9 on PC-201912231325 with PID 16120 (D:\JavaLearning\blog\target\classes started by Administrator in D:\JavaLearning\blog)
2021-04-03 15:37:34.658 [ restartedMain ] - [ DEBUG ] [ com.yltfy.blog.BlogApplication : 56 ] - Running with Spring Boot v2.4.4, Spring v5.3.5
2021-04-03 15:37:34.658 [ restartedMain ] - [ INFO  ] [ com.yltfy.blog.BlogApplication : 666 ] - The following profiles are active: dev
2021-04-03 15:37:35.218 [ restartedMain ] - [ INFO  ] [ org.apache.coyote.http11.Http11NioProtocol : 173 ] - Initializing ProtocolHandler ["http-nio-8080"]
2021-04-03 15:37:35.218 [ restartedMain ] - [ INFO  ] [ org.apache.catalina.core.StandardService : 173 ] - Starting service [Tomcat]
2021-04-03 15:37:35.218 [ restartedMain ] - [ INFO  ] [ org.apache.catalina.core.StandardEngine : 173 ] - Starting Servlet engine: [Apache Tomcat/9.0.44]
2021-04-03 15:37:35.238 [ restartedMain ] - [ INFO  ] [ o.a.c.core.ContainerBase.[Tomcat].[localhost].[/] : 173 ] - Initializing Spring embedded WebApplicationContext
2021-04-03 15:37:35.338 [ restartedMain ] - [ INFO  ] [ org.hibernate.jpa.internal.util.LogHelper : 31 ] - HHH000204: Processing PersistenceUnitInfo [name: default]
2021-04-03 15:37:35.348 [ restartedMain ] - [ INFO  ] [ com.zaxxer.hikari.HikariDataSource : 110 ] - HikariPool-3 - Starting...
2021-04-03 15:37:35.398 [ restartedMain ] - [ INFO  ] [ com.zaxxer.hikari.HikariDataSource : 123 ] - HikariPool-3 - Start completed.
2021-04-03 15:37:35.398 [ restartedMain ] - [ INFO  ] [ org.hibernate.dialect.Dialect : 175 ] - HHH000400: Using dialect: org.hibernate.dialect.MySQL8Dialect
2021-04-03 15:37:35.648 [ restartedMain ] - [ INFO  ] [ o.h.e.t.jta.platform.internal.JtaPlatformInitiator : 52 ] - HHH000490: Using JtaPlatform implementation: [org.hibernate.engine.transaction.jta.platform.internal.NoJtaPlatform]
2021-04-03 15:37:36.539 [ restartedMain ] - [ INFO  ] [ org.apache.coyote.http11.Http11NioProtocol : 173 ] - Starting ProtocolHandler ["http-nio-8080"]
2021-04-03 15:37:36.559 [ restartedMain ] - [ INFO  ] [ com.yltfy.blog.BlogApplication : 61 ] - Started BlogApplication in 1.947 seconds (JVM running for 170.83)
2021-04-03 15:38:17.400 [ http-nio-8080-exec-1 ] - [ INFO  ] [ o.a.c.core.ContainerBase.[Tomcat].[localhost].[/] : 173 ] - Initializing Spring DispatcherServlet 'dispatcherServlet'
2021-04-03 15:50:07.411 [ http-nio-8080-exec-9 ] - [ ERROR ] [ com.yltfy.blog.handler.ControllerExceptionHandler : 21 ] - Request URL : http://localhost:8080/admin/blogs/search, Exception : Request method 'POST' not supported
2021-04-03 15:57:53.729 [ http-nio-8080-exec-6 ] - [ ERROR ] [ com.yltfy.blog.handler.ControllerExceptionHandler : 21 ] - Request URL : http://localhost:8080/admin/blogs/search, Exception : Request method 'POST' not supported
2021-04-03 16:00:37.962 [ restartedMain ] - [ INFO  ] [ com.yltfy.blog.BlogApplication : 55 ] - Starting BlogApplication using Java 11.0.9 on PC-201912231325 with PID 8760 (D:\JavaLearning\blog\target\classes started by Administrator in D:\JavaLearning\blog)
2021-04-03 16:00:37.962 [ background-preinit ] - [ INFO  ] [ org.hibernate.validator.internal.util.Version : 21 ] - HV000001: Hibernate Validator 6.1.0.Final
2021-04-03 16:00:37.972 [ restartedMain ] - [ DEBUG ] [ com.yltfy.blog.BlogApplication : 56 ] - Running with Spring Boot v2.4.4, Spring v5.3.5
2021-04-03 16:00:37.972 [ restartedMain ] - [ INFO  ] [ com.yltfy.blog.BlogApplication : 666 ] - The following profiles are active: dev
2021-04-03 16:00:40.023 [ restartedMain ] - [ INFO  ] [ org.apache.coyote.http11.Http11NioProtocol : 173 ] - Initializing ProtocolHandler ["http-nio-8080"]
2021-04-03 16:00:40.023 [ restartedMain ] - [ INFO  ] [ org.apache.catalina.core.StandardService : 173 ] - Starting service [Tomcat]
2021-04-03 16:00:40.023 [ restartedMain ] - [ INFO  ] [ org.apache.catalina.core.StandardEngine : 173 ] - Starting Servlet engine: [Apache Tomcat/9.0.44]
2021-04-03 16:00:40.103 [ restartedMain ] - [ INFO  ] [ o.a.c.core.ContainerBase.[Tomcat].[localhost].[/] : 173 ] - Initializing Spring embedded WebApplicationContext
2021-04-03 16:00:40.313 [ restartedMain ] - [ INFO  ] [ org.hibernate.jpa.internal.util.LogHelper : 31 ] - HHH000204: Processing PersistenceUnitInfo [name: default]
2021-04-03 16:00:40.353 [ restartedMain ] - [ INFO  ] [ org.hibernate.Version : 44 ] - HHH000412: Hibernate ORM core version 5.4.29.Final
2021-04-03 16:00:40.453 [ restartedMain ] - [ INFO  ] [ org.hibernate.annotations.common.Version : 56 ] - HCANN000001: Hibernate Commons Annotations {5.1.2.Final}
2021-04-03 16:00:40.673 [ restartedMain ] - [ INFO  ] [ com.zaxxer.hikari.HikariDataSource : 110 ] - HikariPool-1 - Starting...
2021-04-03 16:00:41.744 [ restartedMain ] - [ INFO  ] [ com.zaxxer.hikari.HikariDataSource : 123 ] - HikariPool-1 - Start completed.
2021-04-03 16:00:41.764 [ restartedMain ] - [ INFO  ] [ org.hibernate.dialect.Dialect : 175 ] - HHH000400: Using dialect: org.hibernate.dialect.MySQL8Dialect
2021-04-03 16:00:42.955 [ restartedMain ] - [ INFO  ] [ o.h.e.t.jta.platform.internal.JtaPlatformInitiator : 52 ] - HHH000490: Using JtaPlatform implementation: [org.hibernate.engine.transaction.jta.platform.internal.NoJtaPlatform]
2021-04-03 16:00:44.615 [ restartedMain ] - [ INFO  ] [ org.apache.coyote.http11.Http11NioProtocol : 173 ] - Starting ProtocolHandler ["http-nio-8080"]
2021-04-03 16:00:44.686 [ restartedMain ] - [ INFO  ] [ com.yltfy.blog.BlogApplication : 61 ] - Started BlogApplication in 8.092 seconds (JVM running for 9.944)
2021-04-03 16:00:54.525 [ http-nio-8080-exec-1 ] - [ INFO  ] [ o.a.c.core.ContainerBase.[Tomcat].[localhost].[/] : 173 ] - Initializing Spring DispatcherServlet 'dispatcherServlet'
2021-04-03 16:01:00.388 [ http-nio-8080-exec-4 ] - [ WARN  ] [ org.apache.catalina.util.SessionIdGeneratorBase : 173 ] - Creation of SecureRandom instance for session ID generation using [SHA1PRNG] took [341] milliseconds.
2021-04-03 16:10:18.552 [ HikariPool-1 housekeeper ] - [ WARN  ] [ com.zaxxer.hikari.pool.HikariPool : 787 ] - HikariPool-1 - Thread starvation or clock leap detected (housekeeper delta=9m6s683ms711µs88ns).
2021-04-03 16:10:19.280 [ SpringContextShutdownHook ] - [ INFO  ] [ com.zaxxer.hikari.HikariDataSource : 350 ] - HikariPool-1 - Shutdown initiated...
2021-04-03 16:10:19.330 [ SpringContextShutdownHook ] - [ INFO  ] [ com.zaxxer.hikari.HikariDataSource : 352 ] - HikariPool-1 - Shutdown completed.
2021-04-03 16:10:29.660 [ restartedMain ] - [ INFO  ] [ com.yltfy.blog.BlogApplication : 55 ] - Starting BlogApplication using Java 11.0.9 on PC-201912231325 with PID 14400 (D:\JavaLearning\blog\target\classes started by Administrator in D:\JavaLearning\blog)
2021-04-03 16:10:29.660 [ restartedMain ] - [ DEBUG ] [ com.yltfy.blog.BlogApplication : 56 ] - Running with Spring Boot v2.4.4, Spring v5.3.5
2021-04-03 16:10:29.660 [ restartedMain ] - [ INFO  ] [ com.yltfy.blog.BlogApplication : 666 ] - The following profiles are active: dev
2021-04-03 16:10:29.680 [ background-preinit ] - [ INFO  ] [ org.hibernate.validator.internal.util.Version : 21 ] - HV000001: Hibernate Validator 6.1.0.Final
2021-04-03 16:10:31.041 [ restartedMain ] - [ INFO  ] [ org.apache.coyote.http11.Http11NioProtocol : 173 ] - Initializing ProtocolHandler ["http-nio-8080"]
2021-04-03 16:10:31.041 [ restartedMain ] - [ INFO  ] [ org.apache.catalina.core.StandardService : 173 ] - Starting service [Tomcat]
2021-04-03 16:10:31.041 [ restartedMain ] - [ INFO  ] [ org.apache.catalina.core.StandardEngine : 173 ] - Starting Servlet engine: [Apache Tomcat/9.0.44]
2021-04-03 16:10:31.111 [ restartedMain ] - [ INFO  ] [ o.a.c.core.ContainerBase.[Tomcat].[localhost].[/] : 173 ] - Initializing Spring embedded WebApplicationContext
2021-04-03 16:10:31.251 [ restartedMain ] - [ INFO  ] [ org.hibernate.jpa.internal.util.LogHelper : 31 ] - HHH000204: Processing PersistenceUnitInfo [name: default]
2021-04-03 16:10:31.281 [ restartedMain ] - [ INFO  ] [ org.hibernate.Version : 44 ] - HHH000412: Hibernate ORM core version 5.4.29.Final
2021-04-03 16:10:31.351 [ restartedMain ] - [ INFO  ] [ org.hibernate.annotations.common.Version : 56 ] - HCANN000001: Hibernate Commons Annotations {5.1.2.Final}
2021-04-03 16:10:31.421 [ restartedMain ] - [ INFO  ] [ com.zaxxer.hikari.HikariDataSource : 110 ] - HikariPool-1 - Starting...
2021-04-03 16:10:31.681 [ restartedMain ] - [ INFO  ] [ com.zaxxer.hikari.HikariDataSource : 123 ] - HikariPool-1 - Start completed.
2021-04-03 16:10:31.691 [ restartedMain ] - [ INFO  ] [ org.hibernate.dialect.Dialect : 175 ] - HHH000400: Using dialect: org.hibernate.dialect.MySQL8Dialect
2021-04-03 16:10:32.351 [ restartedMain ] - [ INFO  ] [ o.h.e.t.jta.platform.internal.JtaPlatformInitiator : 52 ] - HHH000490: Using JtaPlatform implementation: [org.hibernate.engine.transaction.jta.platform.internal.NoJtaPlatform]
2021-04-03 16:10:33.582 [ restartedMain ] - [ INFO  ] [ org.apache.coyote.http11.Http11NioProtocol : 173 ] - Starting ProtocolHandler ["http-nio-8080"]
2021-04-03 16:10:33.622 [ restartedMain ] - [ INFO  ] [ com.yltfy.blog.BlogApplication : 61 ] - Started BlogApplication in 4.607 seconds (JVM running for 5.826)
2021-04-03 16:10:50.732 [ http-nio-8080-exec-1 ] - [ INFO  ] [ o.a.c.core.ContainerBase.[Tomcat].[localhost].[/] : 173 ] - Initializing Spring DispatcherServlet 'dispatcherServlet'
2021-04-03 16:10:51.163 [ http-nio-8080-exec-1 ] - [ WARN  ] [ org.apache.catalina.util.SessionIdGeneratorBase : 173 ] - Creation of SecureRandom instance for session ID generation using [SHA1PRNG] took [414] milliseconds.
