2021-04-07 13:12:02.989 [ background-preinit ] - [ INFO  ] [ org.hibernate.validator.internal.util.Version : 21 ] - HV000001: Hibernate Validator 6.1.0.Final
2021-04-07 13:12:03.061 [ restartedMain ] - [ INFO  ] [ com.yltfy.blog.BlogApplication : 55 ] - Starting BlogApplication using Java 11.0.9 on PC-201912231325 with PID 16124 (D:\JavaLearning\blog\target\classes started by Administrator in D:\JavaLearning\blog)
2021-04-07 13:12:03.063 [ restartedMain ] - [ DEBUG ] [ com.yltfy.blog.BlogApplication : 56 ] - Running with Spring Boot v2.4.4, Spring v5.3.5
2021-04-07 13:12:03.063 [ restartedMain ] - [ INFO  ] [ com.yltfy.blog.BlogApplication : 666 ] - The following profiles are active: dev
2021-04-07 13:12:11.646 [ restartedMain ] - [ INFO  ] [ org.apache.coyote.http11.Http11NioProtocol : 173 ] - Initializing ProtocolHandler ["http-nio-8080"]
2021-04-07 13:12:11.648 [ restartedMain ] - [ INFO  ] [ org.apache.catalina.core.StandardService : 173 ] - Starting service [Tomcat]
2021-04-07 13:12:11.648 [ restartedMain ] - [ INFO  ] [ org.apache.catalina.core.StandardEngine : 173 ] - Starting Servlet engine: [Apache Tomcat/9.0.44]
2021-04-07 13:12:12.080 [ restartedMain ] - [ INFO  ] [ o.a.c.core.ContainerBase.[Tomcat].[localhost].[/] : 173 ] - Initializing Spring embedded WebApplicationContext
2021-04-07 13:12:12.809 [ restartedMain ] - [ INFO  ] [ org.hibernate.jpa.internal.util.LogHelper : 31 ] - HHH000204: Processing PersistenceUnitInfo [name: default]
2021-04-07 13:12:13.409 [ restartedMain ] - [ INFO  ] [ org.hibernate.Version : 44 ] - HHH000412: Hibernate ORM core version 5.4.29.Final
2021-04-07 13:12:14.333 [ restartedMain ] - [ INFO  ] [ org.hibernate.annotations.common.Version : 56 ] - HCANN000001: Hibernate Commons Annotations {5.1.2.Final}
2021-04-07 13:12:14.781 [ restartedMain ] - [ INFO  ] [ com.zaxxer.hikari.HikariDataSource : 110 ] - HikariPool-1 - Starting...
2021-04-07 13:12:17.067 [ restartedMain ] - [ INFO  ] [ com.zaxxer.hikari.HikariDataSource : 123 ] - HikariPool-1 - Start completed.
2021-04-07 13:12:17.289 [ restartedMain ] - [ INFO  ] [ org.hibernate.dialect.Dialect : 175 ] - HHH000400: Using dialect: org.hibernate.dialect.MySQL8Dialect
2021-04-07 13:12:20.265 [ restartedMain ] - [ INFO  ] [ o.h.e.t.jta.platform.internal.JtaPlatformInitiator : 52 ] - HHH000490: Using JtaPlatform implementation: [org.hibernate.engine.transaction.jta.platform.internal.NoJtaPlatform]
2021-04-07 13:12:23.579 [ restartedMain ] - [ INFO  ] [ org.apache.coyote.http11.Http11NioProtocol : 173 ] - Starting ProtocolHandler ["http-nio-8080"]
2021-04-07 13:12:23.693 [ restartedMain ] - [ INFO  ] [ com.yltfy.blog.BlogApplication : 61 ] - Started BlogApplication in 23.534 seconds (JVM running for 27.769)
2021-04-07 13:12:30.035 [ http-nio-8080-exec-2 ] - [ INFO  ] [ o.a.c.core.ContainerBase.[Tomcat].[localhost].[/] : 173 ] - Initializing Spring DispatcherServlet 'dispatcherServlet'
2021-04-07 13:12:31.488 [ http-nio-8080-exec-3 ] - [ INFO  ] [ com.yltfy.blog.aspect.LogAspect : 38 ] - Request : RequestLog{url='http://localhost:8080/', ip='0:0:0:0:0:0:0:1', classMethod='com.yltfy.blog.web.IndexController.index', args=[Page request [number: 0, size 8, sort: updateTime: DESC], {}]}
2021-04-07 13:12:31.848 [ http-nio-8080-exec-3 ] - [ WARN  ] [ org.hibernate.orm.deprecation : 670 ] - HHH90000016: Found use of deprecated 'collection property' syntax in HQL/JPQL query [t.blogs.size]; use collection function syntax instead [size(t.blogs)].
2021-04-07 13:12:32.043 [ http-nio-8080-exec-3 ] - [ WARN  ] [ org.hibernate.orm.deprecation : 670 ] - HHH90000016: Found use of deprecated 'collection property' syntax in HQL/JPQL query [t.blogs.size]; use collection function syntax instead [size(t.blogs)].
2021-04-07 13:12:32.055 [ http-nio-8080-exec-3 ] - [ INFO  ] [ com.yltfy.blog.aspect.LogAspect : 49 ] - Result : index
2021-04-07 13:12:35.673 [ http-nio-8080-exec-10 ] - [ INFO  ] [ com.yltfy.blog.aspect.LogAspect : 38 ] - Request : RequestLog{url='http://localhost:8080/blog/34', ip='0:0:0:0:0:0:0:1', classMethod='com.yltfy.blog.web.IndexController.blog', args=[34, {}]}
2021-04-07 13:12:36.261 [ http-nio-8080-exec-10 ] - [ INFO  ] [ com.yltfy.blog.aspect.LogAspect : 49 ] - Result : blog
2021-04-07 13:12:40.200 [ http-nio-8080-exec-4 ] - [ INFO  ] [ com.yltfy.blog.aspect.LogAspect : 38 ] - Request : RequestLog{url='http://localhost:8080/blog/34', ip='0:0:0:0:0:0:0:1', classMethod='com.yltfy.blog.web.IndexController.blog', args=[34, {}]}
2021-04-07 13:12:40.345 [ http-nio-8080-exec-4 ] - [ INFO  ] [ com.yltfy.blog.aspect.LogAspect : 49 ] - Result : blog
2021-04-07 15:42:35.252 [ background-preinit ] - [ INFO  ] [ org.hibernate.validator.internal.util.Version : 21 ] - HV000001: Hibernate Validator 6.1.0.Final
2021-04-07 15:42:35.262 [ restartedMain ] - [ INFO  ] [ com.yltfy.blog.BlogApplication : 55 ] - Starting BlogApplication using Java 11.0.9 on PC-201912231325 with PID 16848 (D:\JavaLearning\blog\target\classes started by Administrator in D:\JavaLearning\blog)
2021-04-07 15:42:35.262 [ restartedMain ] - [ DEBUG ] [ com.yltfy.blog.BlogApplication : 56 ] - Running with Spring Boot v2.4.4, Spring v5.3.5
2021-04-07 15:42:35.262 [ restartedMain ] - [ INFO  ] [ com.yltfy.blog.BlogApplication : 666 ] - The following profiles are active: dev
2021-04-07 15:42:38.867 [ restartedMain ] - [ INFO  ] [ org.apache.coyote.http11.Http11NioProtocol : 173 ] - Initializing ProtocolHandler ["http-nio-8080"]
2021-04-07 15:42:38.867 [ restartedMain ] - [ INFO  ] [ org.apache.catalina.core.StandardService : 173 ] - Starting service [Tomcat]
2021-04-07 15:42:38.867 [ restartedMain ] - [ INFO  ] [ org.apache.catalina.core.StandardEngine : 173 ] - Starting Servlet engine: [Apache Tomcat/9.0.44]
2021-04-07 15:42:39.197 [ restartedMain ] - [ INFO  ] [ o.a.c.core.ContainerBase.[Tomcat].[localhost].[/] : 173 ] - Initializing Spring embedded WebApplicationContext
2021-04-07 15:42:39.618 [ restartedMain ] - [ INFO  ] [ org.hibernate.jpa.internal.util.LogHelper : 31 ] - HHH000204: Processing PersistenceUnitInfo [name: default]
2021-04-07 15:42:40.138 [ restartedMain ] - [ INFO  ] [ org.hibernate.Version : 44 ] - HHH000412: Hibernate ORM core version 5.4.29.Final
2021-04-07 15:42:40.888 [ restartedMain ] - [ INFO  ] [ org.hibernate.annotations.common.Version : 56 ] - HCANN000001: Hibernate Commons Annotations {5.1.2.Final}
2021-04-07 15:42:41.128 [ restartedMain ] - [ INFO  ] [ com.zaxxer.hikari.HikariDataSource : 110 ] - HikariPool-1 - Starting...
2021-04-07 15:42:42.579 [ restartedMain ] - [ INFO  ] [ com.zaxxer.hikari.HikariDataSource : 123 ] - HikariPool-1 - Start completed.
2021-04-07 15:42:42.699 [ restartedMain ] - [ INFO  ] [ org.hibernate.dialect.Dialect : 175 ] - HHH000400: Using dialect: org.hibernate.dialect.MySQL8Dialect
2021-04-07 15:42:47.381 [ restartedMain ] - [ INFO  ] [ o.h.e.t.jta.platform.internal.JtaPlatformInitiator : 52 ] - HHH000490: Using JtaPlatform implementation: [org.hibernate.engine.transaction.jta.platform.internal.NoJtaPlatform]
2021-04-07 15:42:49.609 [ restartedMain ] - [ INFO  ] [ org.apache.coyote.http11.Http11NioProtocol : 173 ] - Starting ProtocolHandler ["http-nio-8080"]
2021-04-07 15:42:49.696 [ restartedMain ] - [ INFO  ] [ com.yltfy.blog.BlogApplication : 61 ] - Started BlogApplication in 16.171 seconds (JVM running for 19.618)
2021-04-07 15:44:14.255 [ http-nio-8080-exec-1 ] - [ INFO  ] [ o.a.c.core.ContainerBase.[Tomcat].[localhost].[/] : 173 ] - Initializing Spring DispatcherServlet 'dispatcherServlet'
2021-04-07 15:44:14.302 [ http-nio-8080-exec-1 ] - [ INFO  ] [ com.yltfy.blog.aspect.LogAspect : 38 ] - Request : RequestLog{url='http://localhost:8080/', ip='0:0:0:0:0:0:0:1', classMethod='com.yltfy.blog.web.IndexController.index', args=[Page request [number: 0, size 8, sort: updateTime: DESC], {}]}
2021-04-07 15:44:14.520 [ http-nio-8080-exec-1 ] - [ WARN  ] [ org.hibernate.orm.deprecation : 670 ] - HHH90000016: Found use of deprecated 'collection property' syntax in HQL/JPQL query [t.blogs.size]; use collection function syntax instead [size(t.blogs)].
2021-04-07 15:44:14.562 [ http-nio-8080-exec-1 ] - [ WARN  ] [ org.hibernate.orm.deprecation : 670 ] - HHH90000016: Found use of deprecated 'collection property' syntax in HQL/JPQL query [t.blogs.size]; use collection function syntax instead [size(t.blogs)].
2021-04-07 15:44:14.574 [ http-nio-8080-exec-1 ] - [ INFO  ] [ com.yltfy.blog.aspect.LogAspect : 49 ] - Result : index
2021-04-07 15:44:17.696 [ http-nio-8080-exec-6 ] - [ INFO  ] [ com.yltfy.blog.aspect.LogAspect : 38 ] - Request : RequestLog{url='http://localhost:8080/blog/43', ip='0:0:0:0:0:0:0:1', classMethod='com.yltfy.blog.web.IndexController.blog', args=[43, {}]}
2021-04-07 15:44:18.069 [ http-nio-8080-exec-6 ] - [ INFO  ] [ com.yltfy.blog.aspect.LogAspect : 49 ] - Result : blog
2021-04-07 15:44:52.353 [ http-nio-8080-exec-6 ] - [ INFO  ] [ com.yltfy.blog.aspect.LogAspect : 38 ] - Request : RequestLog{url='http://localhost:8080/comments', ip='0:0:0:0:0:0:0:1', classMethod='com.yltfy.blog.web.CommentController.post', args=[Comment(id=null, nickname=小白, email=xiao@qq.com, content=测试评论功能, avatar=null, createTime=null, blog=Blog(id=43, title=null, content=null, firstPicture=null, flag=null, views=null, appreciation=false, shareStatement=false, commentabled=false, published=false, recommend=false, createTime=null, updateTime=null, description=null, type=null, tagIds=null, tags=[], user=null, comments=[]), replyComments=[], parentComment=Comment(id=-1, nickname=null, email=null, content=null, avatar=null, createTime=null, blog=null, replyComments=[], parentComment=null))]}
2021-04-07 15:44:52.908 [ http-nio-8080-exec-6 ] - [ INFO  ] [ com.yltfy.blog.aspect.LogAspect : 49 ] - Result : redirect:/comments/43
2021-04-07 15:44:52.918 [ http-nio-8080-exec-8 ] - [ INFO  ] [ com.yltfy.blog.aspect.LogAspect : 38 ] - Request : RequestLog{url='http://localhost:8080/comments/43', ip='0:0:0:0:0:0:0:1', classMethod='com.yltfy.blog.web.CommentController.comments', args=[43, {}]}
2021-04-07 15:44:53.015 [ http-nio-8080-exec-8 ] - [ INFO  ] [ com.yltfy.blog.aspect.LogAspect : 49 ] - Result : blog :: commentList
2021-04-07 15:50:26.051 [ http-nio-8080-exec-4 ] - [ INFO  ] [ com.yltfy.blog.aspect.LogAspect : 38 ] - Request : RequestLog{url='http://localhost:8080/blog/43', ip='0:0:0:0:0:0:0:1', classMethod='com.yltfy.blog.web.IndexController.blog', args=[43, {}]}
2021-04-07 15:50:26.206 [ http-nio-8080-exec-4 ] - [ INFO  ] [ com.yltfy.blog.aspect.LogAspect : 49 ] - Result : blog
2021-04-07 15:50:37.025 [ http-nio-8080-exec-2 ] - [ INFO  ] [ com.yltfy.blog.aspect.LogAspect : 38 ] - Request : RequestLog{url='http://localhost:8080/blog/43', ip='0:0:0:0:0:0:0:1', classMethod='com.yltfy.blog.web.IndexController.blog', args=[43, {}]}
2021-04-07 15:50:37.237 [ http-nio-8080-exec-2 ] - [ INFO  ] [ com.yltfy.blog.aspect.LogAspect : 49 ] - Result : blog
2021-04-07 15:51:01.899 [ http-nio-8080-exec-10 ] - [ INFO  ] [ com.yltfy.blog.aspect.LogAspect : 38 ] - Request : RequestLog{url='http://localhost:8080/', ip='0:0:0:0:0:0:0:1', classMethod='com.yltfy.blog.web.IndexController.index', args=[Page request [number: 0, size 8, sort: updateTime: DESC], {}]}
2021-04-07 15:51:01.936 [ http-nio-8080-exec-10 ] - [ INFO  ] [ com.yltfy.blog.aspect.LogAspect : 49 ] - Result : index
2021-04-07 15:51:03.926 [ http-nio-8080-exec-3 ] - [ INFO  ] [ com.yltfy.blog.aspect.LogAspect : 38 ] - Request : RequestLog{url='http://localhost:8080/blog/43', ip='0:0:0:0:0:0:0:1', classMethod='com.yltfy.blog.web.IndexController.blog', args=[43, {}]}
2021-04-07 15:51:04.072 [ http-nio-8080-exec-3 ] - [ INFO  ] [ com.yltfy.blog.aspect.LogAspect : 49 ] - Result : blog
2021-04-07 15:51:22.438 [ http-nio-8080-exec-10 ] - [ INFO  ] [ com.yltfy.blog.aspect.LogAspect : 38 ] - Request : RequestLog{url='http://localhost:8080/comments', ip='0:0:0:0:0:0:0:1', classMethod='com.yltfy.blog.web.CommentController.post', args=[Comment(id=null, nickname=小白, email=1157467179@qq.com, content=测试评论, avatar=null, createTime=null, blog=Blog(id=43, title=null, content=null, firstPicture=null, flag=null, views=null, appreciation=false, shareStatement=false, commentabled=false, published=false, recommend=false, createTime=null, updateTime=null, description=null, type=null, tagIds=null, tags=[], user=null, comments=[]), replyComments=[], parentComment=Comment(id=-1, nickname=null, email=null, content=null, avatar=null, createTime=null, blog=null, replyComments=[], parentComment=null))]}
2021-04-07 15:51:22.692 [ http-nio-8080-exec-10 ] - [ INFO  ] [ com.yltfy.blog.aspect.LogAspect : 49 ] - Result : redirect:/comments/43
2021-04-07 15:51:22.702 [ http-nio-8080-exec-6 ] - [ INFO  ] [ com.yltfy.blog.aspect.LogAspect : 38 ] - Request : RequestLog{url='http://localhost:8080/comments/43', ip='0:0:0:0:0:0:0:1', classMethod='com.yltfy.blog.web.CommentController.comments', args=[43, {}]}
2021-04-07 15:51:22.702 [ http-nio-8080-exec-6 ] - [ INFO  ] [ com.yltfy.blog.aspect.LogAspect : 49 ] - Result : blog :: commentList
2021-04-07 15:54:00.200 [ http-nio-8080-exec-4 ] - [ INFO  ] [ com.yltfy.blog.aspect.LogAspect : 38 ] - Request : RequestLog{url='http://localhost:8080/', ip='0:0:0:0:0:0:0:1', classMethod='com.yltfy.blog.web.IndexController.index', args=[Page request [number: 0, size 8, sort: updateTime: DESC], {}]}
2021-04-07 15:54:00.283 [ http-nio-8080-exec-4 ] - [ INFO  ] [ com.yltfy.blog.aspect.LogAspect : 49 ] - Result : index
2021-04-07 15:54:01.649 [ http-nio-8080-exec-8 ] - [ INFO  ] [ com.yltfy.blog.aspect.LogAspect : 38 ] - Request : RequestLog{url='http://localhost:8080/blog/43', ip='0:0:0:0:0:0:0:1', classMethod='com.yltfy.blog.web.IndexController.blog', args=[43, {}]}
2021-04-07 15:54:01.848 [ http-nio-8080-exec-8 ] - [ INFO  ] [ com.yltfy.blog.aspect.LogAspect : 49 ] - Result : blog
2021-04-07 15:54:12.121 [ http-nio-8080-exec-4 ] - [ INFO  ] [ com.yltfy.blog.aspect.LogAspect : 38 ] - Request : RequestLog{url='http://localhost:8080/comments', ip='0:0:0:0:0:0:0:1', classMethod='com.yltfy.blog.web.CommentController.post', args=[Comment(id=null, nickname=小白, email=1157467179@qq.com, content=测试, avatar=null, createTime=null, blog=Blog(id=43, title=null, content=null, firstPicture=null, flag=null, views=null, appreciation=false, shareStatement=false, commentabled=false, published=false, recommend=false, createTime=null, updateTime=null, description=null, type=null, tagIds=null, tags=[], user=null, comments=[]), replyComments=[], parentComment=Comment(id=-1, nickname=null, email=null, content=null, avatar=null, createTime=null, blog=null, replyComments=[], parentComment=null))]}
2021-04-07 15:54:12.308 [ http-nio-8080-exec-4 ] - [ INFO  ] [ com.yltfy.blog.aspect.LogAspect : 49 ] - Result : redirect:/comments/43
2021-04-07 15:54:12.318 [ http-nio-8080-exec-2 ] - [ INFO  ] [ com.yltfy.blog.aspect.LogAspect : 38 ] - Request : RequestLog{url='http://localhost:8080/comments/43', ip='0:0:0:0:0:0:0:1', classMethod='com.yltfy.blog.web.CommentController.comments', args=[43, {}]}
2021-04-07 15:54:12.318 [ http-nio-8080-exec-2 ] - [ INFO  ] [ com.yltfy.blog.aspect.LogAspect : 49 ] - Result : blog :: commentList
2021-04-07 15:55:44.546 [ http-nio-8080-exec-7 ] - [ INFO  ] [ com.yltfy.blog.aspect.LogAspect : 38 ] - Request : RequestLog{url='http://localhost:8080/blog/43', ip='0:0:0:0:0:0:0:1', classMethod='com.yltfy.blog.web.IndexController.blog', args=[43, {}]}
2021-04-07 15:55:44.804 [ http-nio-8080-exec-7 ] - [ INFO  ] [ com.yltfy.blog.aspect.LogAspect : 49 ] - Result : blog
2021-04-07 15:55:52.985 [ http-nio-8080-exec-2 ] - [ INFO  ] [ com.yltfy.blog.aspect.LogAspect : 38 ] - Request : RequestLog{url='http://localhost:8080/comments', ip='0:0:0:0:0:0:0:1', classMethod='com.yltfy.blog.web.CommentController.post', args=[Comment(id=null, nickname=小米, email=1157467179@qq.com, content=测试, avatar=null, createTime=null, blog=Blog(id=43, title=null, content=null, firstPicture=null, flag=null, views=null, appreciation=false, shareStatement=false, commentabled=false, published=false, recommend=false, createTime=null, updateTime=null, description=null, type=null, tagIds=null, tags=[], user=null, comments=[]), replyComments=[], parentComment=Comment(id=-1, nickname=null, email=null, content=null, avatar=null, createTime=null, blog=null, replyComments=[], parentComment=null))]}
2021-04-07 15:55:53.252 [ http-nio-8080-exec-2 ] - [ INFO  ] [ com.yltfy.blog.aspect.LogAspect : 49 ] - Result : redirect:/comments/43
2021-04-07 15:55:53.272 [ http-nio-8080-exec-10 ] - [ INFO  ] [ com.yltfy.blog.aspect.LogAspect : 38 ] - Request : RequestLog{url='http://localhost:8080/comments/43', ip='0:0:0:0:0:0:0:1', classMethod='com.yltfy.blog.web.CommentController.comments', args=[43, {}]}
2021-04-07 15:55:53.272 [ http-nio-8080-exec-10 ] - [ INFO  ] [ com.yltfy.blog.aspect.LogAspect : 49 ] - Result : blog :: commentList
2021-04-07 15:57:38.264 [ http-nio-8080-exec-5 ] - [ INFO  ] [ com.yltfy.blog.aspect.LogAspect : 38 ] - Request : RequestLog{url='http://localhost:8080/blog/43', ip='0:0:0:0:0:0:0:1', classMethod='com.yltfy.blog.web.IndexController.blog', args=[43, {}]}
2021-04-07 15:57:38.413 [ http-nio-8080-exec-5 ] - [ INFO  ] [ com.yltfy.blog.aspect.LogAspect : 49 ] - Result : blog
2021-04-07 15:57:47.052 [ http-nio-8080-exec-2 ] - [ INFO  ] [ com.yltfy.blog.aspect.LogAspect : 38 ] - Request : RequestLog{url='http://localhost:8080/comments', ip='0:0:0:0:0:0:0:1', classMethod='com.yltfy.blog.web.CommentController.post', args=[Comment(id=null, nickname=虾红, email=1157467179@qq.com, content=测试, avatar=null, createTime=null, blog=Blog(id=43, title=null, content=null, firstPicture=null, flag=null, views=null, appreciation=false, shareStatement=false, commentabled=false, published=false, recommend=false, createTime=null, updateTime=null, description=null, type=null, tagIds=null, tags=[], user=null, comments=[]), replyComments=[], parentComment=Comment(id=-1, nickname=null, email=null, content=null, avatar=null, createTime=null, blog=null, replyComments=[], parentComment=null))]}
2021-04-07 15:57:47.309 [ http-nio-8080-exec-2 ] - [ INFO  ] [ com.yltfy.blog.aspect.LogAspect : 49 ] - Result : redirect:/comments/43
2021-04-07 15:57:47.319 [ http-nio-8080-exec-8 ] - [ INFO  ] [ com.yltfy.blog.aspect.LogAspect : 38 ] - Request : RequestLog{url='http://localhost:8080/comments/43', ip='0:0:0:0:0:0:0:1', classMethod='com.yltfy.blog.web.CommentController.comments', args=[43, {}]}
2021-04-07 15:57:47.329 [ http-nio-8080-exec-8 ] - [ INFO  ] [ com.yltfy.blog.aspect.LogAspect : 49 ] - Result : blog :: commentList
2021-04-07 15:58:25.889 [ SpringContextShutdownHook ] - [ INFO  ] [ com.zaxxer.hikari.HikariDataSource : 350 ] - HikariPool-1 - Shutdown initiated...
2021-04-07 15:58:25.919 [ SpringContextShutdownHook ] - [ INFO  ] [ com.zaxxer.hikari.HikariDataSource : 352 ] - HikariPool-1 - Shutdown completed.
2021-04-07 15:58:30.804 [ restartedMain ] - [ INFO  ] [ com.yltfy.blog.BlogApplication : 55 ] - Starting BlogApplication using Java 11.0.9 on PC-201912231325 with PID 15152 (D:\JavaLearning\blog\target\classes started by Administrator in D:\JavaLearning\blog)
2021-04-07 15:58:30.804 [ restartedMain ] - [ DEBUG ] [ com.yltfy.blog.BlogApplication : 56 ] - Running with Spring Boot v2.4.4, Spring v5.3.5
2021-04-07 15:58:30.814 [ restartedMain ] - [ INFO  ] [ com.yltfy.blog.BlogApplication : 666 ] - The following profiles are active: dev
2021-04-07 15:58:30.814 [ background-preinit ] - [ INFO  ] [ org.hibernate.validator.internal.util.Version : 21 ] - HV000001: Hibernate Validator 6.1.0.Final
2021-04-07 15:58:32.425 [ restartedMain ] - [ INFO  ] [ org.apache.coyote.http11.Http11NioProtocol : 173 ] - Initializing ProtocolHandler ["http-nio-8080"]
2021-04-07 15:58:32.425 [ restartedMain ] - [ INFO  ] [ org.apache.catalina.core.StandardService : 173 ] - Starting service [Tomcat]
2021-04-07 15:58:32.435 [ restartedMain ] - [ INFO  ] [ org.apache.catalina.core.StandardEngine : 173 ] - Starting Servlet engine: [Apache Tomcat/9.0.44]
2021-04-07 15:58:32.515 [ restartedMain ] - [ INFO  ] [ o.a.c.core.ContainerBase.[Tomcat].[localhost].[/] : 173 ] - Initializing Spring embedded WebApplicationContext
2021-04-07 15:58:32.665 [ restartedMain ] - [ INFO  ] [ org.hibernate.jpa.internal.util.LogHelper : 31 ] - HHH000204: Processing PersistenceUnitInfo [name: default]
2021-04-07 15:58:32.705 [ restartedMain ] - [ INFO  ] [ org.hibernate.Version : 44 ] - HHH000412: Hibernate ORM core version 5.4.29.Final
2021-04-07 15:58:32.775 [ restartedMain ] - [ INFO  ] [ org.hibernate.annotations.common.Version : 56 ] - HCANN000001: Hibernate Commons Annotations {5.1.2.Final}
2021-04-07 15:58:32.855 [ restartedMain ] - [ INFO  ] [ com.zaxxer.hikari.HikariDataSource : 110 ] - HikariPool-1 - Starting...
2021-04-07 15:58:33.186 [ restartedMain ] - [ INFO  ] [ com.zaxxer.hikari.HikariDataSource : 123 ] - HikariPool-1 - Start completed.
2021-04-07 15:58:33.196 [ restartedMain ] - [ INFO  ] [ org.hibernate.dialect.Dialect : 175 ] - HHH000400: Using dialect: org.hibernate.dialect.MySQL8Dialect
2021-04-07 15:58:33.976 [ restartedMain ] - [ INFO  ] [ o.h.e.t.jta.platform.internal.JtaPlatformInitiator : 52 ] - HHH000490: Using JtaPlatform implementation: [org.hibernate.engine.transaction.jta.platform.internal.NoJtaPlatform]
2021-04-07 15:58:35.715 [ restartedMain ] - [ INFO  ] [ org.apache.coyote.http11.Http11NioProtocol : 173 ] - Starting ProtocolHandler ["http-nio-8080"]
2021-04-07 15:58:35.765 [ restartedMain ] - [ INFO  ] [ com.yltfy.blog.BlogApplication : 61 ] - Started BlogApplication in 5.569 seconds (JVM running for 6.915)
2021-04-07 15:58:57.565 [ http-nio-8080-exec-1 ] - [ INFO  ] [ o.a.c.core.ContainerBase.[Tomcat].[localhost].[/] : 173 ] - Initializing Spring DispatcherServlet 'dispatcherServlet'
2021-04-07 15:58:57.602 [ http-nio-8080-exec-1 ] - [ INFO  ] [ com.yltfy.blog.aspect.LogAspect : 38 ] - Request : RequestLog{url='http://localhost:8080/blog/43', ip='0:0:0:0:0:0:0:1', classMethod='com.yltfy.blog.web.IndexController.blog', args=[43, {}]}
2021-04-07 15:58:57.868 [ http-nio-8080-exec-1 ] - [ INFO  ] [ com.yltfy.blog.aspect.LogAspect : 49 ] - Result : blog
2021-04-07 15:59:07.668 [ http-nio-8080-exec-1 ] - [ INFO  ] [ com.yltfy.blog.aspect.LogAspect : 38 ] - Request : RequestLog{url='http://localhost:8080/comments', ip='0:0:0:0:0:0:0:1', classMethod='com.yltfy.blog.web.CommentController.post', args=[Comment(id=null, nickname=晓得, email=1157467179@qq.com, content=测试, avatar=null, createTime=null, blog=Blog(id=43, title=null, content=null, firstPicture=null, flag=null, views=null, appreciation=false, shareStatement=false, commentabled=false, published=false, recommend=false, createTime=null, updateTime=null, description=null, type=null, tagIds=null, tags=[], user=null, comments=[]), replyComments=[], parentComment=Comment(id=-1, nickname=null, email=null, content=null, avatar=null, createTime=null, blog=null, replyComments=[], parentComment=null))]}
2021-04-07 15:59:07.969 [ http-nio-8080-exec-1 ] - [ INFO  ] [ com.yltfy.blog.aspect.LogAspect : 49 ] - Result : redirect:/comments/43
2021-04-07 15:59:07.989 [ http-nio-8080-exec-4 ] - [ INFO  ] [ com.yltfy.blog.aspect.LogAspect : 38 ] - Request : RequestLog{url='http://localhost:8080/comments/43', ip='0:0:0:0:0:0:0:1', classMethod='com.yltfy.blog.web.CommentController.comments', args=[43, {}]}
2021-04-07 15:59:08.029 [ http-nio-8080-exec-4 ] - [ INFO  ] [ com.yltfy.blog.aspect.LogAspect : 49 ] - Result : blog :: commentList
2021-04-07 15:59:46.260 [ http-nio-8080-exec-2 ] - [ INFO  ] [ com.yltfy.blog.aspect.LogAspect : 38 ] - Request : RequestLog{url='http://localhost:8080/blog/43', ip='0:0:0:0:0:0:0:1', classMethod='com.yltfy.blog.web.IndexController.blog', args=[43, {}]}
2021-04-07 15:59:46.434 [ http-nio-8080-exec-2 ] - [ INFO  ] [ com.yltfy.blog.aspect.LogAspect : 49 ] - Result : blog
2021-04-07 15:59:56.002 [ http-nio-8080-exec-8 ] - [ INFO  ] [ com.yltfy.blog.aspect.LogAspect : 38 ] - Request : RequestLog{url='http://localhost:8080/comments', ip='0:0:0:0:0:0:0:1', classMethod='com.yltfy.blog.web.CommentController.post', args=[Comment(id=null, nickname=第东段, email=1157467179@qq.com, content=最后测试, avatar=null, createTime=null, blog=Blog(id=43, title=null, content=null, firstPicture=null, flag=null, views=null, appreciation=false, shareStatement=false, commentabled=false, published=false, recommend=false, createTime=null, updateTime=null, description=null, type=null, tagIds=null, tags=[], user=null, comments=[]), replyComments=[], parentComment=Comment(id=-1, nickname=null, email=null, content=null, avatar=null, createTime=null, blog=null, replyComments=[], parentComment=null))]}
2021-04-07 15:59:56.292 [ http-nio-8080-exec-8 ] - [ INFO  ] [ com.yltfy.blog.aspect.LogAspect : 49 ] - Result : redirect:/comments/43
2021-04-07 15:59:56.302 [ http-nio-8080-exec-1 ] - [ INFO  ] [ com.yltfy.blog.aspect.LogAspect : 38 ] - Request : RequestLog{url='http://localhost:8080/comments/43', ip='0:0:0:0:0:0:0:1', classMethod='com.yltfy.blog.web.CommentController.comments', args=[43, {}]}
2021-04-07 15:59:56.312 [ http-nio-8080-exec-1 ] - [ INFO  ] [ com.yltfy.blog.aspect.LogAspect : 49 ] - Result : blog :: commentList
2021-04-07 16:00:29.645 [ restartedMain ] - [ INFO  ] [ com.yltfy.blog.BlogApplication : 55 ] - Starting BlogApplication using Java 11.0.9 on PC-201912231325 with PID 9668 (D:\JavaLearning\blog\target\classes started by Administrator in D:\JavaLearning\blog)
2021-04-07 16:00:29.665 [ restartedMain ] - [ DEBUG ] [ com.yltfy.blog.BlogApplication : 56 ] - Running with Spring Boot v2.4.4, Spring v5.3.5
2021-04-07 16:00:29.685 [ restartedMain ] - [ INFO  ] [ com.yltfy.blog.BlogApplication : 666 ] - The following profiles are active: dev
2021-04-07 16:00:29.685 [ background-preinit ] - [ INFO  ] [ org.hibernate.validator.internal.util.Version : 21 ] - HV000001: Hibernate Validator 6.1.0.Final
2021-04-07 16:00:31.200 [ restartedMain ] - [ INFO  ] [ org.apache.coyote.http11.Http11NioProtocol : 173 ] - Initializing ProtocolHandler ["http-nio-8080"]
2021-04-07 16:00:31.200 [ restartedMain ] - [ INFO  ] [ org.apache.catalina.core.StandardService : 173 ] - Starting service [Tomcat]
2021-04-07 16:00:31.200 [ restartedMain ] - [ INFO  ] [ org.apache.catalina.core.StandardEngine : 173 ] - Starting Servlet engine: [Apache Tomcat/9.0.44]
2021-04-07 16:00:31.290 [ restartedMain ] - [ INFO  ] [ o.a.c.core.ContainerBase.[Tomcat].[localhost].[/] : 173 ] - Initializing Spring embedded WebApplicationContext
2021-04-07 16:00:31.450 [ restartedMain ] - [ INFO  ] [ org.hibernate.jpa.internal.util.LogHelper : 31 ] - HHH000204: Processing PersistenceUnitInfo [name: default]
2021-04-07 16:00:31.490 [ restartedMain ] - [ INFO  ] [ org.hibernate.Version : 44 ] - HHH000412: Hibernate ORM core version 5.4.29.Final
2021-04-07 16:00:31.570 [ restartedMain ] - [ INFO  ] [ org.hibernate.annotations.common.Version : 56 ] - HCANN000001: Hibernate Commons Annotations {5.1.2.Final}
2021-04-07 16:00:31.650 [ restartedMain ] - [ INFO  ] [ com.zaxxer.hikari.HikariDataSource : 110 ] - HikariPool-1 - Starting...
2021-04-07 16:00:31.920 [ restartedMain ] - [ INFO  ] [ com.zaxxer.hikari.HikariDataSource : 123 ] - HikariPool-1 - Start completed.
2021-04-07 16:00:31.940 [ restartedMain ] - [ INFO  ] [ org.hibernate.dialect.Dialect : 175 ] - HHH000400: Using dialect: org.hibernate.dialect.MySQL8Dialect
2021-04-07 16:00:32.691 [ restartedMain ] - [ INFO  ] [ o.h.e.t.jta.platform.internal.JtaPlatformInitiator : 52 ] - HHH000490: Using JtaPlatform implementation: [org.hibernate.engine.transaction.jta.platform.internal.NoJtaPlatform]
2021-04-07 16:00:34.071 [ restartedMain ] - [ INFO  ] [ org.apache.coyote.http11.Http11NioProtocol : 173 ] - Starting ProtocolHandler ["http-nio-8080"]
2021-04-07 16:00:34.111 [ restartedMain ] - [ INFO  ] [ com.yltfy.blog.BlogApplication : 61 ] - Started BlogApplication in 5.221 seconds (JVM running for 6.693)
2021-04-07 16:00:36.921 [ http-nio-8080-exec-1 ] - [ INFO  ] [ o.a.c.core.ContainerBase.[Tomcat].[localhost].[/] : 173 ] - Initializing Spring DispatcherServlet 'dispatcherServlet'
2021-04-07 16:00:36.960 [ http-nio-8080-exec-1 ] - [ INFO  ] [ com.yltfy.blog.aspect.LogAspect : 38 ] - Request : RequestLog{url='http://localhost:8080/blog/43', ip='0:0:0:0:0:0:0:1', classMethod='com.yltfy.blog.web.IndexController.blog', args=[43, {}]}
2021-04-07 16:00:37.276 [ http-nio-8080-exec-1 ] - [ INFO  ] [ com.yltfy.blog.aspect.LogAspect : 49 ] - Result : blog
2021-04-07 16:00:44.298 [ http-nio-8080-exec-6 ] - [ INFO  ] [ com.yltfy.blog.aspect.LogAspect : 38 ] - Request : RequestLog{url='http://localhost:8080/comments', ip='0:0:0:0:0:0:0:1', classMethod='com.yltfy.blog.web.CommentController.post', args=[Comment(id=null, nickname=打点, email=1157467179@qq.com, content=不要把, avatar=null, createTime=null, blog=Blog(id=43, title=null, content=null, firstPicture=null, flag=null, views=null, appreciation=false, shareStatement=false, commentabled=false, published=false, recommend=false, createTime=null, updateTime=null, description=null, type=null, tagIds=null, tags=[], user=null, comments=[]), replyComments=[], parentComment=Comment(id=-1, nickname=null, email=null, content=null, avatar=null, createTime=null, blog=null, replyComments=[], parentComment=null))]}
2021-04-07 16:00:44.604 [ http-nio-8080-exec-6 ] - [ INFO  ] [ com.yltfy.blog.aspect.LogAspect : 49 ] - Result : redirect:/comments/43
2021-04-07 16:00:44.621 [ http-nio-8080-exec-7 ] - [ INFO  ] [ com.yltfy.blog.aspect.LogAspect : 38 ] - Request : RequestLog{url='http://localhost:8080/comments/43', ip='0:0:0:0:0:0:0:1', classMethod='com.yltfy.blog.web.CommentController.comments', args=[43, {}]}
2021-04-07 16:00:44.658 [ http-nio-8080-exec-7 ] - [ INFO  ] [ com.yltfy.blog.aspect.LogAspect : 49 ] - Result : blog :: commentList
2021-04-07 16:03:18.018 [ http-nio-8080-exec-2 ] - [ INFO  ] [ com.yltfy.blog.aspect.LogAspect : 38 ] - Request : RequestLog{url='http://localhost:8080/comments', ip='0:0:0:0:0:0:0:1', classMethod='com.yltfy.blog.web.CommentController.post', args=[Comment(id=null, nickname=效率, email=1157467179@qq.com, content=这个是@打点的一个评论信息, avatar=null, createTime=null, blog=Blog(id=43, title=null, content=null, firstPicture=null, flag=null, views=null, appreciation=false, shareStatement=false, commentabled=false, published=false, recommend=false, createTime=null, updateTime=null, description=null, type=null, tagIds=null, tags=[], user=null, comments=[]), replyComments=[], parentComment=Comment(id=51, nickname=null, email=null, content=null, avatar=null, createTime=null, blog=null, replyComments=[], parentComment=null))]}
2021-04-07 16:03:18.246 [ http-nio-8080-exec-2 ] - [ INFO  ] [ com.yltfy.blog.aspect.LogAspect : 49 ] - Result : redirect:/comments/43
2021-04-07 16:03:18.246 [ http-nio-8080-exec-6 ] - [ INFO  ] [ com.yltfy.blog.aspect.LogAspect : 38 ] - Request : RequestLog{url='http://localhost:8080/comments/43', ip='0:0:0:0:0:0:0:1', classMethod='com.yltfy.blog.web.CommentController.comments', args=[43, {}]}
2021-04-07 16:03:18.266 [ http-nio-8080-exec-6 ] - [ INFO  ] [ com.yltfy.blog.aspect.LogAspect : 49 ] - Result : blog :: commentList
2021-04-07 16:07:40.773 [ http-nio-8080-exec-9 ] - [ INFO  ] [ com.yltfy.blog.aspect.LogAspect : 38 ] - Request : RequestLog{url='http://localhost:8080/blog/43', ip='0:0:0:0:0:0:0:1', classMethod='com.yltfy.blog.web.IndexController.blog', args=[43, {}]}
2021-04-07 16:07:40.922 [ http-nio-8080-exec-9 ] - [ INFO  ] [ com.yltfy.blog.aspect.LogAspect : 49 ] - Result : blog
2021-04-07 16:37:37.964 [ http-nio-8080-exec-9 ] - [ WARN  ] [ org.apache.catalina.util.SessionIdGeneratorBase : 173 ] - Creation of SecureRandom instance for session ID generation using [SHA1PRNG] took [347] milliseconds.
2021-04-07 16:38:07.666 [ http-nio-8080-exec-9 ] - [ INFO  ] [ com.yltfy.blog.aspect.LogAspect : 38 ] - Request : RequestLog{url='http://localhost:8080/', ip='0:0:0:0:0:0:0:1', classMethod='com.yltfy.blog.web.IndexController.index', args=[Page request [number: 0, size 8, sort: updateTime: DESC], {}]}
2021-04-07 16:38:07.732 [ http-nio-8080-exec-9 ] - [ WARN  ] [ org.hibernate.orm.deprecation : 670 ] - HHH90000016: Found use of deprecated 'collection property' syntax in HQL/JPQL query [t.blogs.size]; use collection function syntax instead [size(t.blogs)].
2021-04-07 16:38:07.750 [ http-nio-8080-exec-9 ] - [ WARN  ] [ org.hibernate.orm.deprecation : 670 ] - HHH90000016: Found use of deprecated 'collection property' syntax in HQL/JPQL query [t.blogs.size]; use collection function syntax instead [size(t.blogs)].
2021-04-07 16:38:07.762 [ http-nio-8080-exec-9 ] - [ INFO  ] [ com.yltfy.blog.aspect.LogAspect : 49 ] - Result : index
2021-04-07 16:38:37.121 [ http-nio-8080-exec-1 ] - [ INFO  ] [ com.yltfy.blog.aspect.LogAspect : 38 ] - Request : RequestLog{url='http://localhost:8080/', ip='0:0:0:0:0:0:0:1', classMethod='com.yltfy.blog.web.IndexController.index', args=[Page request [number: 0, size 8, sort: updateTime: DESC], {}]}
2021-04-07 16:38:37.190 [ http-nio-8080-exec-1 ] - [ INFO  ] [ com.yltfy.blog.aspect.LogAspect : 49 ] - Result : index
2021-04-07 16:39:38.245 [ http-nio-8080-exec-8 ] - [ INFO  ] [ com.yltfy.blog.aspect.LogAspect : 38 ] - Request : RequestLog{url='http://localhost:8080/', ip='0:0:0:0:0:0:0:1', classMethod='com.yltfy.blog.web.IndexController.index', args=[Page request [number: 0, size 8, sort: updateTime: DESC], {}]}
2021-04-07 16:39:38.320 [ http-nio-8080-exec-8 ] - [ INFO  ] [ com.yltfy.blog.aspect.LogAspect : 49 ] - Result : index
2021-04-07 16:39:46.258 [ http-nio-8080-exec-2 ] - [ INFO  ] [ com.yltfy.blog.aspect.LogAspect : 38 ] - Request : RequestLog{url='http://localhost:8080/blog/43', ip='0:0:0:0:0:0:0:1', classMethod='com.yltfy.blog.web.IndexController.blog', args=[43, {}]}
2021-04-07 16:39:46.457 [ http-nio-8080-exec-2 ] - [ INFO  ] [ com.yltfy.blog.aspect.LogAspect : 49 ] - Result : blog
